2026-04-28T13:41:01.484+0200 [DEBUG] [org.gradle.launcher.daemon.bootstrap.DaemonMain] Assuming the daemon was started with following jvm opts: [-Xmx2048m, -Dfile.encoding=UTF-8, -Duser.country, -Duser.language=en, -Duser.variant]
2026-04-28T13:41:01.678+0200 [DEBUG] [org.gradle.internal.remote.internal.inet.InetAddresses] Adding IP addresses for network interface lo
2026-04-28T13:41:01.679+0200 [DEBUG] [org.gradle.internal.remote.internal.inet.InetAddresses] Is this a loopback interface? true
2026-04-28T13:41:01.679+0200 [DEBUG] [org.gradle.internal.remote.internal.inet.InetAddresses] Adding loopback address /0:0:0:0:0:0:0:1%lo
2026-04-28T13:41:01.680+0200 [DEBUG] [org.gradle.internal.remote.internal.inet.InetAddresses] Adding loopback address /127.0.0.1
2026-04-28T13:41:01.681+0200 [DEBUG] [org.gradle.internal.remote.internal.inet.InetAddresses] Ignoring remote address on loopback interface /1.0.0.127
2026-04-28T13:41:01.730+0200 [INFO] [org.gradle.launcher.daemon.server.Daemon] start() called on daemon - DefaultDaemonContext[uid=d7bb71b2-6d52-4412-a949-b47e40154661,javaHome=/home/cbastien/devtools/sdkman/candidates/java/17.0.13-zulu,javaVersion=17,javaVendor=Azul Systems, Inc.,daemonRegistryDir=/home/cbastien/repos/local/frozenbubbleandroid-master/.gradle-home/daemon,pid=20957,idleTimeout=10800000,priority=NORMAL,applyInstrumentationAgent=true,nativeServicesMode=ENABLED,daemonOpts=-Xmx2048m,-Dfile.encoding=UTF-8,-Duser.country,-Duser.language=en,-Duser.variant]
2026-04-28T13:41:01.778+0200 [DEBUG] [org.gradle.internal.remote.internal.inet.TcpIncomingConnector] Listening on [4379899e-f484-4c9e-9cb5-52ac1c22e7b9 port:38353, addresses:[localhost/127.0.0.1]].
2026-04-28T13:41:01.800+0200 [DEBUG] [org.gradle.launcher.daemon.server.Daemon] Daemon starting at: Tue Apr 28 13:41:01 CEST 2026, with address: [4379899e-f484-4c9e-9cb5-52ac1c22e7b9 port:38353, addresses:[localhost/127.0.0.1]]
2026-04-28T13:41:01.801+0200 [INFO] [org.gradle.launcher.daemon.server.DaemonRegistryUpdater] Advertising the daemon address to the clients: [4379899e-f484-4c9e-9cb5-52ac1c22e7b9 port:38353, addresses:[localhost/127.0.0.1]]
2026-04-28T13:41:01.801+0200 [DEBUG] [org.gradle.launcher.daemon.server.DaemonRegistryUpdater] Advertised daemon context: DefaultDaemonContext[uid=d7bb71b2-6d52-4412-a949-b47e40154661,javaHome=/home/cbastien/devtools/sdkman/candidates/java/17.0.13-zulu,javaVersion=17,javaVendor=Azul Systems, Inc.,daemonRegistryDir=/home/cbastien/repos/local/frozenbubbleandroid-master/.gradle-home/daemon,pid=20957,idleTimeout=10800000,priority=NORMAL,applyInstrumentationAgent=true,nativeServicesMode=ENABLED,daemonOpts=-Xmx2048m,-Dfile.encoding=UTF-8,-Duser.country,-Duser.language=en,-Duser.variant]
2026-04-28T13:41:01.803+0200 [DEBUG] [org.gradle.launcher.daemon.registry.PersistentDaemonRegistry] Storing daemon address: [4379899e-f484-4c9e-9cb5-52ac1c22e7b9 port:38353, addresses:[localhost/127.0.0.1]], context: DefaultDaemonContext[uid=d7bb71b2-6d52-4412-a949-b47e40154661,javaHome=/home/cbastien/devtools/sdkman/candidates/java/17.0.13-zulu,javaVersion=17,javaVendor=Azul Systems, Inc.,daemonRegistryDir=/home/cbastien/repos/local/frozenbubbleandroid-master/.gradle-home/daemon,pid=20957,idleTimeout=10800000,priority=NORMAL,applyInstrumentationAgent=true,nativeServicesMode=ENABLED,daemonOpts=-Xmx2048m,-Dfile.encoding=UTF-8,-Duser.country,-Duser.language=en,-Duser.variant]
2026-04-28T13:41:01.815+0200 [DEBUG] [org.gradle.cache.internal.DefaultFileLockManager] Waiting to acquire exclusive lock on daemon addresses registry.
2026-04-28T13:41:01.820+0200 [DEBUG] [org.gradle.cache.internal.DefaultFileLockManager] Lock acquired on daemon addresses registry.
2026-04-28T13:41:01.829+0200 [DEBUG] [org.gradle.cache.internal.DefaultFileLockManager] Releasing lock on daemon addresses registry.
2026-04-28T13:41:01.830+0200 [LIFECYCLE] [org.gradle.launcher.daemon.server.Daemon] Daemon server started.
2026-04-28T13:41:01.833+0200 [DEBUG] [org.gradle.launcher.daemon.bootstrap.DaemonStartupCommunication] Completed writing the daemon greeting. Closing streams...
2026-04-28T13:41:01.847+0200 [DEBUG] [org.gradle.launcher.daemon.server.Daemon] stopOnExpiration() called on daemon
2026-04-28T13:41:01.850+0200 [DEBUG] [org.gradle.launcher.daemon.server.Daemon] awaitExpiration() called on daemon
2026-04-28T13:41:01.852+0200 [DEBUG] [org.gradle.launcher.daemon.server.DaemonStateCoordinator] daemon is running. Sleeping until state changes.
2026-04-28T13:41:01.857+0200 [DEBUG] [org.gradle.internal.remote.internal.inet.TcpIncomingConnector] Accepted connection from /127.0.0.1:46216 to /127.0.0.1:38353.
2026-04-28T13:41:01.920+0200 [DEBUG] [org.gradle.launcher.daemon.server.SynchronizedDispatchConnection] thread 21: received class org.gradle.launcher.daemon.protocol.Build
2026-04-28T13:41:01.921+0200 [DEBUG] [org.gradle.launcher.daemon.server.DefaultDaemonConnection] thread 21: Received non-IO message from client: Build{id=d2bd8b60-7614-4080-9018-1ef509d024c7, currentDir=/home/cbastien/repos/local/frozenbubbleandroid-master}
2026-04-28T13:41:01.921+0200 [INFO] [org.gradle.launcher.daemon.server.DefaultIncomingConnectionHandler] Received command: Build{id=d2bd8b60-7614-4080-9018-1ef509d024c7, currentDir=/home/cbastien/repos/local/frozenbubbleandroid-master}.
2026-04-28T13:41:01.922+0200 [DEBUG] [org.gradle.launcher.daemon.server.DefaultIncomingConnectionHandler] Starting executing command: Build{id=d2bd8b60-7614-4080-9018-1ef509d024c7, currentDir=/home/cbastien/repos/local/frozenbubbleandroid-master} with connection: socket connection from /127.0.0.1:38353 to /127.0.0.1:46216.
2026-04-28T13:41:01.929+0200 [DEBUG] [org.gradle.launcher.daemon.server.DaemonStateCoordinator] Command execution: started DaemonCommandExecution[command = Build{id=d2bd8b60-7614-4080-9018-1ef509d024c7, currentDir=/home/cbastien/repos/local/frozenbubbleandroid-master}, connection = DefaultDaemonConnection: socket connection from /127.0.0.1:38353 to /127.0.0.1:46216] after 0.0027 minutes of idle
2026-04-28T13:41:01.930+0200 [INFO] [org.gradle.launcher.daemon.server.DaemonRegistryUpdater] Marking the daemon as busy, address: [4379899e-f484-4c9e-9cb5-52ac1c22e7b9 port:38353, addresses:[localhost/127.0.0.1]]
2026-04-28T13:41:01.931+0200 [DEBUG] [org.gradle.launcher.daemon.registry.PersistentDaemonRegistry] Marking busy by address: [4379899e-f484-4c9e-9cb5-52ac1c22e7b9 port:38353, addresses:[localhost/127.0.0.1]]
2026-04-28T13:41:01.932+0200 [DEBUG] [org.gradle.cache.internal.DefaultFileLockManager] Waiting to acquire exclusive lock on daemon addresses registry.
2026-04-28T13:41:01.932+0200 [DEBUG] [org.gradle.cache.internal.DefaultFileLockManager] Lock acquired on daemon addresses registry.
2026-04-28T13:41:01.934+0200 [DEBUG] [org.gradle.cache.internal.DefaultFileLockManager] Releasing lock on daemon addresses registry.
2026-04-28T13:41:01.935+0200 [DEBUG] [org.gradle.launcher.daemon.server.DaemonStateCoordinator] resetting idle timer
2026-04-28T13:41:01.935+0200 [DEBUG] [org.gradle.launcher.daemon.server.DaemonStateCoordinator] daemon is running. Sleeping until state changes.
2026-04-28T13:41:01.937+0200 [INFO] [org.gradle.launcher.daemon.server.exec.StartBuildOrRespondWithBusy] Daemon is about to start building Build{id=d2bd8b60-7614-4080-9018-1ef509d024c7, currentDir=/home/cbastien/repos/local/frozenbubbleandroid-master}. Dispatching build started information...
2026-04-28T13:41:01.938+0200 [DEBUG] [org.gradle.launcher.daemon.server.SynchronizedDispatchConnection] thread 23: dispatching org.gradle.launcher.daemon.protocol.BuildStarted@389370
2026-04-28T13:41:01.940+0200 [DEBUG] [org.gradle.launcher.daemon.server.exec.EstablishBuildEnvironment] Configuring env variables: [PATH, PYENV_SHELL, HISTCONTROL, NO_PROXY, NVM_SYMLINK, CURSOR_SANDBOX, DOTNET10_VERSION, GOCACHE, DBUS_SESSION_BUS_ADDRESS, DOTNET_SDK_VERSION, SOCKS5_PROXY, DEVTOOL_BIN, REPO_DIR, JDK21_VERSION, PYTHON_VERSION, SDKMAN_DIR, PROMPT_COMMAND, PWD, VSCODE_NLS_CONFIG, SOCKS_PROXY, SDKMAN_BROKER_API, M2_REPO, GIT_HTTP_PROXY, GROOVY_VERSION, JDK11_VERSION, NVM_CD_FLAGS, LESSOPEN, GRADLE_VERSION, PNPM_STORE_PATH, HOSTTYPE, SDKMAN_CANDIDATES_API, PUPPETEER_CACHE_DIR, ALL_PROXY, JDK_VERSION, PIP_CACHE_DIR, HOME_BIN, SHLVL, BUN_INSTALL_CACHE_DIR, VSCODE_HANDLES_SIGPIPE, OVSX_REGISTRY_URL, HISTSIZE, CURSOR_LAYOUT, JAVA_HOME, CCACHE_DIR, TERM, HTTP_PROXY, socks_proxy, GRADLE_HOME, GROOVY_HOME, NODE20_NPM_VERSION, GRADLE_USER_HOME, NVM_INC, _ZO_DOCTOR, WAYLAND_DISPLAY, VSCODE_IPC_HOOK_CLI, HTTPS_PROXY, NODE22_NPM_VERSION, GIT_HTTPS_PROXY, RVM_DIR, _, no_proxy, NPM_CONFIG_CACHE, VSCODE_CWD, JDK8_VERSION, VSCODE_ESM_ENTRYPOINT, TURBO_CACHE_DIR, CURSOR_RIPGREP_PATH, NODE20_VERSION, PYENV_SHIMS, CP_HOME_DIR, CURSOR_ORIG_GID, PYTHON311_VERSION, DISTRIB_NAME, NVM_BIN, XDG_DATA_DIRS, https_proxy, WSL2_GUI_APPS_ENABLED, NODE_VERSION, PYTHON_CONF_FILE, CURSOR_AGENT, DISTRIB_VERSION, socks5_proxy, JDK17_VERSION, MAVEN_HOME, HOMEBREW_CACHE, PYTHON39_VERSION, GW_AUTO_COMPLETE_FILE, DEVTOOL_DIR, LOGNAME, DOTNET8_VERSION, PYENV_VIRTUALENV_INIT, SHELL, DOTNET_TOOLS, WSL_INTEROP, PYENV_HOME, MAVEN_VERSION, PYENV_ROOT, OLDPWD, YARN_CACHE_FOLDER, NX_CACHE_DIRECTORY, NAME, DISTRIB_ID, CARGO_TARGET_DIR, DOTNET_ROOT, GOMODCACHE, PYENV, PYTHON312_VERSION, BUNDLE_PATH, CDT_REMOTE_CONFIG_URL, LS_COLORS, CURSOR_SANDBOX_LANDLOCK_STATUS, PYTHON_CONF_DIR, CONDA_PKGS_DIRS, NUGET_HTTP_CACHE_PATH, LESSCLOSE, FORCE_COLOR, CRITEOROOT, VSCODE_L10N_BUNDLE_LOCATION, VSCODE_HANDLES_UNCAUGHT_ERRORS, DOTNET_VERSION, LANG, UV_CACHE_DIR, COMPOSER_HOME, HISTFILESIZE, DISPLAY, ELECTRON_RUN_AS_NODE, CYPRESS_CACHE_FOLDER, RVM_BIN, __CURSOR_SANDBOX_ENV_RESTORE, all_proxy, NO_COLOR, NUGET_PLUGINS_CACHE_PATH, GEM_SPEC_CACHE, PLAYWRIGHT_BROWSERS_PATH, SDKMAN_CANDIDATES_DIR, POETRY_CACHE_DIR, http_proxy, NVM_DIR, WSL_DISTRO_NAME, NODE22_VERSION, npm_config_devdir, SDKMAN_PLATFORM, NVM_HOME, USER, PULSE_SERVER, CLR_ICU_VERSION_OVERRIDE, WSLENV, PYENV_BIN, CURSOR_ORIG_UID, XDG_RUNTIME_DIR, HOME, NUGET_PACKAGES]
2026-04-28T13:41:01.953+0200 [DEBUG] [org.gradle.launcher.daemon.server.exec.LogToClient] About to start relaying all logs to the client via the connection.
2026-04-28T13:41:01.954+0200 [INFO] [org.gradle.launcher.daemon.server.exec.LogToClient] The client will now receive all logging from the daemon (pid: 20957). The daemon log file: /home/cbastien/repos/local/frozenbubbleandroid-master/.gradle-home/daemon/8.14.4/daemon-20957.out.log
2026-04-28T13:41:01.956+0200 [INFO] [org.gradle.launcher.daemon.server.exec.LogAndCheckHealth] Starting build in new daemon [memory: 2 GiB]
2026-04-28T13:41:01.962+0200 [DEBUG] [org.gradle.launcher.daemon.server.exec.ExecuteBuild] The daemon has started executing the build.
2026-04-28T13:41:01.963+0200 [DEBUG] [org.gradle.launcher.daemon.server.exec.ExecuteBuild] Executing build with daemon context: DefaultDaemonContext[uid=d7bb71b2-6d52-4412-a949-b47e40154661,javaHome=/home/cbastien/devtools/sdkman/candidates/java/17.0.13-zulu,javaVersion=17,javaVendor=Azul Systems, Inc.,daemonRegistryDir=/home/cbastien/repos/local/frozenbubbleandroid-master/.gradle-home/daemon,pid=20957,idleTimeout=10800000,priority=NORMAL,applyInstrumentationAgent=true,nativeServicesMode=ENABLED,daemonOpts=-Xmx2048m,-Dfile.encoding=UTF-8,-Duser.country,-Duser.language=en,-Duser.variant]

FAILURE: Build failed with an exception.

* Where:
Build file '/home/cbastien/repos/local/frozenbubbleandroid-master/build.gradle' line: 2

* What went wrong:
Plugin [id: 'com.android.application', version: '8.5.2'] was not found in any of the following sources:

- Gradle Core Plugins (plugin is not in 'org.gradle' namespace)
- Included Builds (No included builds contain this plugin)
- Plugin Repositories (could not resolve plugin artifact 'com.android.application:com.android.application.gradle.plugin:8.5.2')
  Searched in the following repositories:
    Google
    MavenRepo
    Gradle Central Plugin Repository

* Try:
> Run with --stacktrace option to get the stack trace.
> Run with --info or --debug option to get more log output.
> Run with --scan to get full insights.
> Get more help at https://help.gradle.org.

BUILD FAILED in 16s
2026-04-28T13:41:14.817+0200 [DEBUG] [org.gradle.launcher.daemon.server.exec.ExecuteBuild] The daemon has finished executing the build.
2026-04-28T13:41:14.831+0200 [DEBUG] [org.gradle.launcher.daemon.server.DaemonStateCoordinator] daemon is running. Sleeping until state changes.
2026-04-28T13:41:14.832+0200 [DEBUG] [org.gradle.launcher.daemon.server.DaemonStateCoordinator] Command execution: finished waiting for DaemonCommandExecution[command = Build{id=d2bd8b60-7614-4080-9018-1ef509d024c7, currentDir=/home/cbastien/repos/local/frozenbubbleandroid-master}, connection = DefaultDaemonConnection: socket connection from /127.0.0.1:38353 to /127.0.0.1:46216]. Result org.gradle.launcher.daemon.server.DaemonStateCoordinator@5d767489 with state Busy
2026-04-28T13:41:14.833+0200 [DEBUG] [org.gradle.launcher.daemon.server.DaemonStateCoordinator] Command execution: completed DaemonCommandExecution[command = Build{id=d2bd8b60-7614-4080-9018-1ef509d024c7, currentDir=/home/cbastien/repos/local/frozenbubbleandroid-master}, connection = DefaultDaemonConnection: socket connection from /127.0.0.1:38353 to /127.0.0.1:46216]
2026-04-28T13:41:14.833+0200 [DEBUG] [org.gradle.launcher.daemon.server.DaemonStateCoordinator] resetting idle timer
2026-04-28T13:41:14.833+0200 [INFO] [org.gradle.launcher.daemon.server.DaemonRegistryUpdater] Marking the daemon as idle, address: [4379899e-f484-4c9e-9cb5-52ac1c22e7b9 port:38353, addresses:[localhost/127.0.0.1]]
2026-04-28T13:41:14.834+0200 [DEBUG] [org.gradle.launcher.daemon.registry.PersistentDaemonRegistry] Marking busy by address: [4379899e-f484-4c9e-9cb5-52ac1c22e7b9 port:38353, addresses:[localhost/127.0.0.1]]
2026-04-28T13:41:14.834+0200 [DEBUG] [org.gradle.cache.internal.DefaultFileLockManager] Waiting to acquire exclusive lock on daemon addresses registry.
2026-04-28T13:41:14.835+0200 [DEBUG] [org.gradle.cache.internal.DefaultFileLockManager] Lock acquired on daemon addresses registry.
2026-04-28T13:41:14.836+0200 [DEBUG] [org.gradle.cache.internal.DefaultFileLockManager] Releasing lock on daemon addresses registry.
2026-04-28T13:41:14.836+0200 [DEBUG] [org.gradle.launcher.daemon.server.DaemonStateCoordinator] daemon is running. Sleeping until state changes.
2026-04-28T13:41:14.836+0200 [DEBUG] [org.gradle.launcher.daemon.server.exec.ReturnResult] Daemon is dispatching the build result: Success[value=org.gradle.launcher.exec.BuildActionResult@36bfbcb6]
2026-04-28T13:41:14.837+0200 [DEBUG] [org.gradle.launcher.daemon.server.SynchronizedDispatchConnection] thread 20: dispatching Success[value=org.gradle.launcher.exec.BuildActionResult@36bfbcb6]
2026-04-28T13:41:14.855+0200 [DEBUG] [org.gradle.launcher.daemon.server.exec.CleanUpVirtualFileSystemAfterBuild] Cleaning virtual file system after build finished
2026-04-28T13:41:14.855+0200 [DEBUG] [org.gradle.launcher.daemon.server.DefaultIncomingConnectionHandler] Finishing executing command: Build{id=d2bd8b60-7614-4080-9018-1ef509d024c7, currentDir=/home/cbastien/repos/local/frozenbubbleandroid-master}
2026-04-28T13:41:14.927+0200 [DEBUG] [org.gradle.launcher.daemon.server.SynchronizedDispatchConnection] thread 21: received class org.gradle.launcher.daemon.protocol.CloseInput
2026-04-28T13:41:14.928+0200 [DEBUG] [org.gradle.launcher.daemon.server.DefaultDaemonConnection] thread 21: Received IO message from client: org.gradle.launcher.daemon.protocol.CloseInput@615483a0
2026-04-28T13:41:14.929+0200 [DEBUG] [org.gradle.launcher.daemon.server.SynchronizedDispatchConnection] thread 21: received class org.gradle.launcher.daemon.protocol.Finished
2026-04-28T13:41:14.930+0200 [DEBUG] [org.gradle.launcher.daemon.server.DefaultDaemonConnection] thread 21: Received non-IO message from client: org.gradle.launcher.daemon.protocol.Finished@6e0e1868
2026-04-28T13:41:14.931+0200 [DEBUG] [org.gradle.launcher.daemon.server.DefaultIncomingConnectionHandler] Received finished message: org.gradle.launcher.daemon.protocol.Finished@6e0e1868
2026-04-28T13:41:14.931+0200 [DEBUG] [org.gradle.internal.remote.internal.inet.SocketConnection] Discarding EOFException: java.io.EOFException
2026-04-28T13:41:14.931+0200 [DEBUG] [org.gradle.launcher.daemon.server.SynchronizedDispatchConnection] thread 20: stopping connection
2026-04-28T13:41:14.931+0200 [DEBUG] [org.gradle.launcher.daemon.server.SynchronizedDispatchConnection] thread 21: received null
2026-04-28T13:41:14.932+0200 [DEBUG] [org.gradle.launcher.daemon.server.DefaultDaemonConnection] thread 21: Received end-of-input from client.
2026-04-28T13:41:14.935+0200 [DEBUG] [org.gradle.launcher.daemon.server.SynchronizedDispatchConnection] thread 20: stopping connection
2026-04-28T13:41:20.849+0200 [DEBUG] [org.gradle.cache.internal.DefaultFileLockManager] Waiting to acquire shared lock on daemon addresses registry.
2026-04-28T13:41:20.849+0200 [DEBUG] [org.gradle.cache.internal.DefaultFileLockManager] Lock acquired on daemon addresses registry.
2026-04-28T13:41:20.850+0200 [DEBUG] [org.gradle.cache.internal.DefaultFileLockManager] Releasing lock on daemon addresses registry.
2026-04-28T13:41:20.851+0200 [DEBUG] [org.gradle.cache.internal.DefaultFileLockManager] Waiting to acquire shared lock on daemon addresses registry.
2026-04-28T13:41:20.851+0200 [DEBUG] [org.gradle.cache.internal.DefaultFileLockManager] Lock acquired on daemon addresses registry.
2026-04-28T13:41:20.851+0200 [DEBUG] [org.gradle.cache.internal.DefaultFileLockManager] Releasing lock on daemon addresses registry.
2026-04-28T13:41:30.179+0200 [DEBUG] [org.gradle.cache.internal.DefaultFileLockManager] Waiting to acquire shared lock on daemon addresses registry.
2026-04-28T13:41:30.180+0200 [DEBUG] [org.gradle.cache.internal.DefaultFileLockManager] Lock acquired on daemon addresses registry.
2026-04-28T13:41:30.181+0200 [DEBUG] [org.gradle.cache.internal.DefaultFileLockManager] Releasing lock on daemon addresses registry.
2026-04-28T13:41:30.183+0200 [DEBUG] [org.gradle.cache.internal.DefaultFileLockManager] Waiting to acquire shared lock on daemon addresses registry.
2026-04-28T13:41:30.183+0200 [DEBUG] [org.gradle.cache.internal.DefaultFileLockManager] Lock acquired on daemon addresses registry.
2026-04-28T13:41:30.184+0200 [DEBUG] [org.gradle.cache.internal.DefaultFileLockManager] Releasing lock on daemon addresses registry.
2026-04-28T13:41:30.186+0200 [DEBUG] [org.gradle.cache.internal.DefaultFileLockManager] Waiting to acquire shared lock on daemon addresses registry.
2026-04-28T13:41:30.187+0200 [DEBUG] [org.gradle.cache.internal.DefaultFileLockManager] Lock acquired on daemon addresses registry.
2026-04-28T13:41:30.187+0200 [DEBUG] [org.gradle.cache.internal.DefaultFileLockManager] Releasing lock on daemon addresses registry.
2026-04-28T13:41:40.179+0200 [DEBUG] [org.gradle.cache.internal.DefaultFileLockManager] Waiting to acquire shared lock on daemon addresses registry.
2026-04-28T13:41:40.180+0200 [DEBUG] [org.gradle.cache.internal.DefaultFileLockManager] Lock acquired on daemon addresses registry.
2026-04-28T13:41:40.180+0200 [DEBUG] [org.gradle.cache.internal.DefaultFileLockManager] Releasing lock on daemon addresses registry.
2026-04-28T13:41:40.181+0200 [DEBUG] [org.gradle.cache.internal.DefaultFileLockManager] Waiting to acquire shared lock on daemon addresses registry.
2026-04-28T13:41:40.182+0200 [DEBUG] [org.gradle.cache.internal.DefaultFileLockManager] Lock acquired on daemon addresses registry.
2026-04-28T13:41:40.183+0200 [DEBUG] [org.gradle.cache.internal.DefaultFileLockManager] Releasing lock on daemon addresses registry.
2026-04-28T13:41:40.184+0200 [DEBUG] [org.gradle.cache.internal.DefaultFileLockManager] Waiting to acquire shared lock on daemon addresses registry.
2026-04-28T13:41:40.185+0200 [DEBUG] [org.gradle.cache.internal.DefaultFileLockManager] Lock acquired on daemon addresses registry.
2026-04-28T13:41:40.185+0200 [DEBUG] [org.gradle.cache.internal.DefaultFileLockManager] Releasing lock on daemon addresses registry.
2026-04-28T13:41:49.178+0200 [DEBUG] [org.gradle.cache.internal.DefaultFileLockManager] Waiting to acquire shared lock on daemon addresses registry.
2026-04-28T13:41:49.179+0200 [DEBUG] [org.gradle.cache.internal.DefaultFileLockManager] Lock acquired on daemon addresses registry.
2026-04-28T13:41:49.179+0200 [DEBUG] [org.gradle.cache.internal.DefaultFileLockManager] Releasing lock on daemon addresses registry.
2026-04-28T13:41:49.180+0200 [DEBUG] [org.gradle.cache.internal.DefaultFileLockManager] Waiting to acquire shared lock on daemon addresses registry.
2026-04-28T13:41:49.180+0200 [DEBUG] [org.gradle.cache.internal.DefaultFileLockManager] Lock acquired on daemon addresses registry.
2026-04-28T13:41:49.180+0200 [DEBUG] [org.gradle.cache.internal.DefaultFileLockManager] Releasing lock on daemon addresses registry.
2026-04-28T13:41:49.181+0200 [DEBUG] [org.gradle.cache.internal.DefaultFileLockManager] Waiting to acquire shared lock on daemon addresses registry.
2026-04-28T13:41:49.181+0200 [DEBUG] [org.gradle.cache.internal.DefaultFileLockManager] Lock acquired on daemon addresses registry.
2026-04-28T13:41:49.181+0200 [DEBUG] [org.gradle.cache.internal.DefaultFileLockManager] Releasing lock on daemon addresses registry.
2026-04-28T13:41:58.053+0200 [DEBUG] [org.gradle.cache.internal.DefaultFileLockManager] Waiting to acquire shared lock on daemon addresses registry.
2026-04-28T13:41:58.053+0200 [DEBUG] [org.gradle.cache.internal.DefaultFileLockManager] Lock acquired on daemon addresses registry.
2026-04-28T13:41:58.054+0200 [DEBUG] [org.gradle.cache.internal.DefaultFileLockManager] Releasing lock on daemon addresses registry.
2026-04-28T13:41:58.054+0200 [DEBUG] [org.gradle.cache.internal.DefaultFileLockManager] Waiting to acquire shared lock on daemon addresses registry.
2026-04-28T13:41:58.055+0200 [DEBUG] [org.gradle.cache.internal.DefaultFileLockManager] Lock acquired on daemon addresses registry.
2026-04-28T13:41:58.055+0200 [DEBUG] [org.gradle.cache.internal.DefaultFileLockManager] Releasing lock on daemon addresses registry.
2026-04-28T13:41:58.055+0200 [DEBUG] [org.gradle.cache.internal.DefaultFileLockManager] Waiting to acquire shared lock on daemon addresses registry.
2026-04-28T13:41:58.056+0200 [DEBUG] [org.gradle.cache.internal.DefaultFileLockManager] Lock acquired on daemon addresses registry.
2026-04-28T13:41:58.056+0200 [DEBUG] [org.gradle.cache.internal.DefaultFileLockManager] Releasing lock on daemon addresses registry.
2026-04-28T13:42:08.052+0200 [DEBUG] [org.gradle.cache.internal.DefaultFileLockManager] Waiting to acquire shared lock on daemon addresses registry.
2026-04-28T13:42:08.052+0200 [DEBUG] [org.gradle.cache.internal.DefaultFileLockManager] Lock acquired on daemon addresses registry.
2026-04-28T13:42:08.052+0200 [DEBUG] [org.gradle.cache.internal.DefaultFileLockManager] Releasing lock on daemon addresses registry.
2026-04-28T13:42:08.053+0200 [DEBUG] [org.gradle.cache.internal.DefaultFileLockManager] Waiting to acquire shared lock on daemon addresses registry.
2026-04-28T13:42:08.053+0200 [DEBUG] [org.gradle.cache.internal.DefaultFileLockManager] Lock acquired on daemon addresses registry.
2026-04-28T13:42:08.053+0200 [DEBUG] [org.gradle.cache.internal.DefaultFileLockManager] Releasing lock on daemon addresses registry.
2026-04-28T13:42:08.053+0200 [DEBUG] [org.gradle.cache.internal.DefaultFileLockManager] Waiting to acquire shared lock on daemon addresses registry.
2026-04-28T13:42:08.054+0200 [DEBUG] [org.gradle.cache.internal.DefaultFileLockManager] Lock acquired on daemon addresses registry.
2026-04-28T13:42:08.054+0200 [DEBUG] [org.gradle.cache.internal.DefaultFileLockManager] Releasing lock on daemon addresses registry.
2026-04-28T13:42:18.052+0200 [DEBUG] [org.gradle.cache.internal.DefaultFileLockManager] Waiting to acquire shared lock on daemon addresses registry.
2026-04-28T13:42:18.053+0200 [DEBUG] [org.gradle.cache.internal.DefaultFileLockManager] Lock acquired on daemon addresses registry.
2026-04-28T13:42:18.053+0200 [DEBUG] [org.gradle.cache.internal.DefaultFileLockManager] Releasing lock on daemon addresses registry.
2026-04-28T13:42:18.054+0200 [DEBUG] [org.gradle.cache.internal.DefaultFileLockManager] Waiting to acquire shared lock on daemon addresses registry.
2026-04-28T13:42:18.054+0200 [DEBUG] [org.gradle.cache.internal.DefaultFileLockManager] Lock acquired on daemon addresses registry.
2026-04-28T13:42:18.054+0200 [DEBUG] [org.gradle.cache.internal.DefaultFileLockManager] Releasing lock on daemon addresses registry.
2026-04-28T13:42:18.055+0200 [DEBUG] [org.gradle.cache.internal.DefaultFileLockManager] Waiting to acquire shared lock on daemon addresses registry.
2026-04-28T13:42:18.055+0200 [DEBUG] [org.gradle.cache.internal.DefaultFileLockManager] Lock acquired on daemon addresses registry.
2026-04-28T13:42:18.055+0200 [DEBUG] [org.gradle.cache.internal.DefaultFileLockManager] Releasing lock on daemon addresses registry.
2026-04-28T13:42:26.319+0200 [DEBUG] [org.gradle.cache.internal.DefaultFileLockManager] Waiting to acquire shared lock on daemon addresses registry.
2026-04-28T13:42:26.320+0200 [DEBUG] [org.gradle.cache.internal.DefaultFileLockManager] Lock acquired on daemon addresses registry.
2026-04-28T13:42:26.321+0200 [DEBUG] [org.gradle.cache.internal.DefaultFileLockManager] Releasing lock on daemon addresses registry.
2026-04-28T13:42:26.321+0200 [DEBUG] [org.gradle.cache.internal.DefaultFileLockManager] Waiting to acquire shared lock on daemon addresses registry.
2026-04-28T13:42:26.322+0200 [DEBUG] [org.gradle.cache.internal.DefaultFileLockManager] Lock acquired on daemon addresses registry.
2026-04-28T13:42:26.322+0200 [DEBUG] [org.gradle.cache.internal.DefaultFileLockManager] Releasing lock on daemon addresses registry.
2026-04-28T13:42:26.322+0200 [DEBUG] [org.gradle.cache.internal.DefaultFileLockManager] Waiting to acquire shared lock on daemon addresses registry.
2026-04-28T13:42:26.323+0200 [DEBUG] [org.gradle.cache.internal.DefaultFileLockManager] Lock acquired on daemon addresses registry.
2026-04-28T13:42:26.323+0200 [DEBUG] [org.gradle.cache.internal.DefaultFileLockManager] Releasing lock on daemon addresses registry.
2026-04-28T13:42:36.316+0200 [DEBUG] [org.gradle.cache.internal.DefaultFileLockManager] Waiting to acquire shared lock on daemon addresses registry.
2026-04-28T13:42:36.316+0200 [DEBUG] [org.gradle.cache.internal.DefaultFileLockManager] Lock acquired on daemon addresses registry.
2026-04-28T13:42:36.316+0200 [DEBUG] [org.gradle.cache.internal.DefaultFileLockManager] Releasing lock on daemon addresses registry.
2026-04-28T13:42:36.317+0200 [DEBUG] [org.gradle.cache.internal.DefaultFileLockManager] Waiting to acquire shared lock on daemon addresses registry.
2026-04-28T13:42:36.317+0200 [DEBUG] [org.gradle.cache.internal.DefaultFileLockManager] Lock acquired on daemon addresses registry.
2026-04-28T13:42:36.317+0200 [DEBUG] [org.gradle.cache.internal.DefaultFileLockManager] Releasing lock on daemon addresses registry.
2026-04-28T13:42:36.317+0200 [DEBUG] [org.gradle.cache.internal.DefaultFileLockManager] Waiting to acquire shared lock on daemon addresses registry.
2026-04-28T13:42:36.317+0200 [DEBUG] [org.gradle.cache.internal.DefaultFileLockManager] Lock acquired on daemon addresses registry.
2026-04-28T13:42:36.317+0200 [DEBUG] [org.gradle.cache.internal.DefaultFileLockManager] Releasing lock on daemon addresses registry.
2026-04-28T13:42:46.317+0200 [DEBUG] [org.gradle.cache.internal.DefaultFileLockManager] Waiting to acquire shared lock on daemon addresses registry.
2026-04-28T13:42:46.318+0200 [DEBUG] [org.gradle.cache.internal.DefaultFileLockManager] Lock acquired on daemon addresses registry.
2026-04-28T13:42:46.318+0200 [DEBUG] [org.gradle.cache.internal.DefaultFileLockManager] Releasing lock on daemon addresses registry.
2026-04-28T13:42:46.319+0200 [DEBUG] [org.gradle.cache.internal.DefaultFileLockManager] Waiting to acquire shared lock on daemon addresses registry.
2026-04-28T13:42:46.319+0200 [DEBUG] [org.gradle.cache.internal.DefaultFileLockManager] Lock acquired on daemon addresses registry.
2026-04-28T13:42:46.320+0200 [DEBUG] [org.gradle.cache.internal.DefaultFileLockManager] Releasing lock on daemon addresses registry.
2026-04-28T13:42:46.320+0200 [DEBUG] [org.gradle.cache.internal.DefaultFileLockManager] Waiting to acquire shared lock on daemon addresses registry.
2026-04-28T13:42:46.320+0200 [DEBUG] [org.gradle.cache.internal.DefaultFileLockManager] Lock acquired on daemon addresses registry.
2026-04-28T13:42:46.320+0200 [DEBUG] [org.gradle.cache.internal.DefaultFileLockManager] Releasing lock on daemon addresses registry.
2026-04-28T13:42:54.552+0200 [DEBUG] [org.gradle.cache.internal.DefaultFileLockManager] Waiting to acquire shared lock on daemon addresses registry.
2026-04-28T13:42:54.553+0200 [DEBUG] [org.gradle.cache.internal.DefaultFileLockManager] Lock acquired on daemon addresses registry.
2026-04-28T13:42:54.553+0200 [DEBUG] [org.gradle.cache.internal.DefaultFileLockManager] Releasing lock on daemon addresses registry.
2026-04-28T13:42:54.554+0200 [DEBUG] [org.gradle.cache.internal.DefaultFileLockManager] Waiting to acquire shared lock on daemon addresses registry.
2026-04-28T13:42:54.554+0200 [DEBUG] [org.gradle.cache.internal.DefaultFileLockManager] Lock acquired on daemon addresses registry.
2026-04-28T13:42:54.554+0200 [DEBUG] [org.gradle.cache.internal.DefaultFileLockManager] Releasing lock on daemon addresses registry.
2026-04-28T13:42:54.554+0200 [DEBUG] [org.gradle.cache.internal.DefaultFileLockManager] Waiting to acquire shared lock on daemon addresses registry.
2026-04-28T13:42:54.554+0200 [DEBUG] [org.gradle.cache.internal.DefaultFileLockManager] Lock acquired on daemon addresses registry.
2026-04-28T13:42:54.554+0200 [DEBUG] [org.gradle.cache.internal.DefaultFileLockManager] Releasing lock on daemon addresses registry.
2026-04-28T13:43:04.549+0200 [DEBUG] [org.gradle.cache.internal.DefaultFileLockManager] Waiting to acquire shared lock on daemon addresses registry.
2026-04-28T13:43:04.549+0200 [DEBUG] [org.gradle.cache.internal.DefaultFileLockManager] Lock acquired on daemon addresses registry.
2026-04-28T13:43:04.549+0200 [DEBUG] [org.gradle.cache.internal.DefaultFileLockManager] Releasing lock on daemon addresses registry.
2026-04-28T13:43:04.550+0200 [DEBUG] [org.gradle.cache.internal.DefaultFileLockManager] Waiting to acquire shared lock on daemon addresses registry.
2026-04-28T13:43:04.550+0200 [DEBUG] [org.gradle.cache.internal.DefaultFileLockManager] Lock acquired on daemon addresses registry.
2026-04-28T13:43:04.551+0200 [DEBUG] [org.gradle.cache.internal.DefaultFileLockManager] Releasing lock on daemon addresses registry.
2026-04-28T13:43:04.566+0200 [DEBUG] [org.gradle.cache.internal.DefaultFileLockManager] Waiting to acquire shared lock on daemon addresses registry.
2026-04-28T13:43:04.567+0200 [DEBUG] [org.gradle.cache.internal.DefaultFileLockManager] Lock acquired on daemon addresses registry.
2026-04-28T13:43:04.567+0200 [DEBUG] [org.gradle.cache.internal.DefaultFileLockManager] Releasing lock on daemon addresses registry.
2026-04-28T13:43:14.548+0200 [DEBUG] [org.gradle.cache.internal.DefaultFileLockManager] Waiting to acquire shared lock on daemon addresses registry.
2026-04-28T13:43:14.548+0200 [DEBUG] [org.gradle.cache.internal.DefaultFileLockManager] Lock acquired on daemon addresses registry.
2026-04-28T13:43:14.549+0200 [DEBUG] [org.gradle.cache.internal.DefaultFileLockManager] Releasing lock on daemon addresses registry.
2026-04-28T13:43:14.549+0200 [DEBUG] [org.gradle.cache.internal.DefaultFileLockManager] Waiting to acquire shared lock on daemon addresses registry.
2026-04-28T13:43:14.549+0200 [DEBUG] [org.gradle.cache.internal.DefaultFileLockManager] Lock acquired on daemon addresses registry.
2026-04-28T13:43:14.549+0200 [DEBUG] [org.gradle.cache.internal.DefaultFileLockManager] Releasing lock on daemon addresses registry.
2026-04-28T13:43:14.549+0200 [DEBUG] [org.gradle.cache.internal.DefaultFileLockManager] Waiting to acquire shared lock on daemon addresses registry.
2026-04-28T13:43:14.550+0200 [DEBUG] [org.gradle.cache.internal.DefaultFileLockManager] Lock acquired on daemon addresses registry.
2026-04-28T13:43:14.550+0200 [DEBUG] [org.gradle.cache.internal.DefaultFileLockManager] Releasing lock on daemon addresses registry.
2026-04-28T13:43:23.321+0200 [DEBUG] [org.gradle.cache.internal.DefaultFileLockManager] Waiting to acquire shared lock on daemon addresses registry.
2026-04-28T13:43:23.321+0200 [DEBUG] [org.gradle.cache.internal.DefaultFileLockManager] Lock acquired on daemon addresses registry.
2026-04-28T13:43:23.324+0200 [DEBUG] [org.gradle.cache.internal.DefaultFileLockManager] Releasing lock on daemon addresses registry.
2026-04-28T13:43:23.325+0200 [DEBUG] [org.gradle.cache.internal.DefaultFileLockManager] Waiting to acquire shared lock on daemon addresses registry.
2026-04-28T13:43:23.325+0200 [DEBUG] [org.gradle.cache.internal.DefaultFileLockManager] Lock acquired on daemon addresses registry.
2026-04-28T13:43:23.325+0200 [DEBUG] [org.gradle.cache.internal.DefaultFileLockManager] Releasing lock on daemon addresses registry.
2026-04-28T13:43:23.325+0200 [DEBUG] [org.gradle.cache.internal.DefaultFileLockManager] Waiting to acquire shared lock on daemon addresses registry.
2026-04-28T13:43:23.326+0200 [DEBUG] [org.gradle.cache.internal.DefaultFileLockManager] Lock acquired on daemon addresses registry.
2026-04-28T13:43:23.326+0200 [DEBUG] [org.gradle.cache.internal.DefaultFileLockManager] Releasing lock on daemon addresses registry.
2026-04-28T13:43:23.327+0200 [DEBUG] [org.gradle.launcher.daemon.server.DaemonRegistryUpdater] Storing daemon stop event: after the daemon was no longer found in the daemon registry
2026-04-28T13:43:23.327+0200 [DEBUG] [org.gradle.launcher.daemon.registry.PersistentDaemonRegistry] Storing daemon stop event with timestamp 1777376602660
2026-04-28T13:43:23.328+0200 [DEBUG] [org.gradle.cache.internal.DefaultFileLockManager] Waiting to acquire exclusive lock on daemon addresses registry.
2026-04-28T13:43:23.328+0200 [DEBUG] [org.gradle.cache.internal.DefaultFileLockManager] Lock acquired on daemon addresses registry.
2026-04-28T13:43:23.329+0200 [DEBUG] [org.gradle.cache.internal.DefaultFileLockManager] Releasing lock on daemon addresses registry.
2026-04-28T13:43:23.329+0200 [LIFECYCLE] [org.gradle.launcher.daemon.server.DaemonStateCoordinator] Daemon will be stopped at the end of the build after the daemon was no longer found in the daemon registry
2026-04-28T13:43:23.329+0200 [DEBUG] [org.gradle.launcher.daemon.server.DaemonStateCoordinator] Marking daemon stopped due to after the daemon was no longer found in the daemon registry. The daemon is not running a build
2026-04-28T13:43:23.329+0200 [DEBUG] [org.gradle.launcher.daemon.server.DaemonStateCoordinator] daemon has stopped.
2026-04-28T13:43:23.330+0200 [DEBUG] [org.gradle.launcher.daemon.server.Daemon] stop() called on daemon
2026-04-28T13:43:23.330+0200 [INFO] [org.gradle.launcher.daemon.server.Daemon] Stop requested. Daemon is removing its presence from the registry...
2026-04-28T13:43:23.331+0200 [DEBUG] [org.gradle.launcher.daemon.server.DaemonRegistryUpdater] Removing our presence to clients, eg. removing this address from the registry: [4379899e-f484-4c9e-9cb5-52ac1c22e7b9 port:38353, addresses:[localhost/127.0.0.1]]
2026-04-28T13:43:23.331+0200 [DEBUG] [org.gradle.launcher.daemon.registry.PersistentDaemonRegistry] Removing daemon address: [4379899e-f484-4c9e-9cb5-52ac1c22e7b9 port:38353, addresses:[localhost/127.0.0.1]]
2026-04-28T13:43:23.332+0200 [DEBUG] [org.gradle.cache.internal.DefaultFileLockManager] Waiting to acquire exclusive lock on daemon addresses registry.
2026-04-28T13:43:23.332+0200 [DEBUG] [org.gradle.cache.internal.DefaultFileLockManager] Lock acquired on daemon addresses registry.
2026-04-28T13:43:23.340+0200 [DEBUG] [org.gradle.cache.internal.DefaultFileLockManager] Releasing lock on daemon addresses registry.
2026-04-28T13:43:23.341+0200 [DEBUG] [org.gradle.launcher.daemon.server.DaemonRegistryUpdater] Address removed from registry.
2026-04-28T13:43:23.344+0200 [DEBUG] [org.gradle.cache.internal.LockOnDemandCrossProcessCacheAccess] Releasing file lock for jars (/home/cbastien/repos/local/frozenbubbleandroid-master/.gradle-home/caches/jars-9)
2026-04-28T13:43:23.344+0200 [DEBUG] [org.gradle.cache.internal.DefaultFileLockManager] Releasing lock on jars (/home/cbastien/repos/local/frozenbubbleandroid-master/.gradle-home/caches/jars-9).
2026-04-28T13:43:23.346+0200 [DEBUG] [org.gradle.cache.internal.LockOnDemandCrossProcessCacheAccess] Releasing file lock for file content cache (/home/cbastien/repos/local/frozenbubbleandroid-master/.gradle-home/caches/8.14.4/fileContent)
2026-04-28T13:43:23.346+0200 [DEBUG] [org.gradle.cache.internal.DefaultFileLockManager] Releasing lock on file content cache (/home/cbastien/repos/local/frozenbubbleandroid-master/.gradle-home/caches/8.14.4/fileContent).
2026-04-28T13:43:23.346+0200 [DEBUG] [org.gradle.internal.watch.vfs.impl.WatchingVirtualFileSystem] Closing VFS, dropping state
2026-04-28T13:43:23.348+0200 [DEBUG] [org.gradle.internal.watch.registry.impl.DefaultFileWatcherRegistry] Finished listening to file system change events
2026-04-28T13:43:23.348+0200 [DEBUG] [org.gradle.cache.internal.DefaultCacheCoordinator] Cache Generated Gradle JARs cache (/home/cbastien/repos/local/frozenbubbleandroid-master/.gradle-home/caches/8.14.4/generated-gradle-jars) was closed 0 times.
2026-04-28T13:43:23.348+0200 [DEBUG] [org.gradle.cache.internal.LockOnDemandCrossProcessCacheAccess] Releasing file lock for artifact cache (/home/cbastien/repos/local/frozenbubbleandroid-master/.gradle-home/caches/modules-2)
2026-04-28T13:43:23.349+0200 [DEBUG] [org.gradle.cache.internal.btree.BTreePersistentIndexedCache] Closing cache module-metadata.bin (/home/cbastien/repos/local/frozenbubbleandroid-master/.gradle-home/caches/modules-2/metadata-2.107/module-metadata.bin)
2026-04-28T13:43:23.351+0200 [DEBUG] [org.gradle.cache.internal.btree.BTreePersistentIndexedCache] Closing cache resource-at-url.bin (/home/cbastien/repos/local/frozenbubbleandroid-master/.gradle-home/caches/modules-2/metadata-2.107/resource-at-url.bin)
2026-04-28T13:43:23.351+0200 [DEBUG] [org.gradle.cache.internal.DefaultFileLockManager] Releasing lock on artifact cache (/home/cbastien/repos/local/frozenbubbleandroid-master/.gradle-home/caches/modules-2).
2026-04-28T13:43:23.352+0200 [DEBUG] [org.gradle.cache.internal.DefaultCacheCoordinator] Cache groovy-dsl (/home/cbastien/repos/local/frozenbubbleandroid-master/.gradle-home/caches/8.14.4/groovy-dsl) was closed 0 times.
2026-04-28T13:43:23.354+0200 [DEBUG] [org.gradle.cache.internal.DefaultCacheCoordinator] Cache Artifact transforms cache (/home/cbastien/repos/local/frozenbubbleandroid-master/.gradle-home/caches/8.14.4/transforms) was closed 0 times.
2026-04-28T13:43:23.355+0200 [DEBUG] [org.gradle.cache.internal.LockOnDemandCrossProcessCacheAccess] Releasing file lock for journal cache (/home/cbastien/repos/local/frozenbubbleandroid-master/.gradle-home/caches/journal-1)
2026-04-28T13:43:23.357+0200 [DEBUG] [org.gradle.cache.internal.btree.BTreePersistentIndexedCache] Closing cache file-access.bin (/home/cbastien/repos/local/frozenbubbleandroid-master/.gradle-home/caches/journal-1/file-access.bin)
2026-04-28T13:43:23.358+0200 [DEBUG] [org.gradle.cache.internal.DefaultFileLockManager] Releasing lock on journal cache (/home/cbastien/repos/local/frozenbubbleandroid-master/.gradle-home/caches/journal-1).
2026-04-28T13:43:23.359+0200 [DEBUG] [org.gradle.cache.internal.LockOnDemandCrossProcessCacheAccess] Releasing file lock for file hash cache (/home/cbastien/repos/local/frozenbubbleandroid-master/.gradle-home/caches/8.14.4/fileHashes)
2026-04-28T13:43:23.360+0200 [DEBUG] [org.gradle.cache.internal.btree.BTreePersistentIndexedCache] Closing cache fileHashes.bin (/home/cbastien/repos/local/frozenbubbleandroid-master/.gradle-home/caches/8.14.4/fileHashes/fileHashes.bin)
2026-04-28T13:43:23.360+0200 [DEBUG] [org.gradle.cache.internal.DefaultFileLockManager] Releasing lock on file hash cache (/home/cbastien/repos/local/frozenbubbleandroid-master/.gradle-home/caches/8.14.4/fileHashes).
2026-04-28T13:43:23.362+0200 [DEBUG] [org.gradle.internal.operations.DefaultBuildOperationRunner] Build operation 'Deleting unused version-specific caches in /home/cbastien/repos/local/frozenbubbleandroid-master/.gradle-home/caches' started
2026-04-28T13:43:23.364+0200 [DEBUG] [org.gradle.cache.internal.VersionSpecificCacheCleanupAction] Processed version-specific caches at /home/cbastien/repos/local/frozenbubbleandroid-master/.gradle-home/caches for cleanup in 0.0 secs
2026-04-28T13:43:23.364+0200 [DEBUG] [org.gradle.internal.operations.DefaultBuildOperationRunner] Completing Build operation 'Deleting unused version-specific caches in /home/cbastien/repos/local/frozenbubbleandroid-master/.gradle-home/caches'
2026-04-28T13:43:23.365+0200 [DEBUG] [org.gradle.internal.operations.DefaultBuildOperationRunner] Build operation 'Deleting unused version-specific caches in /home/cbastien/repos/local/frozenbubbleandroid-master/.gradle-home/caches' completed
2026-04-28T13:43:23.367+0200 [DEBUG] [org.gradle.internal.operations.DefaultBuildOperationRunner] Build operation 'Deleting unused Gradle distributions in /home/cbastien/repos/local/frozenbubbleandroid-master/.gradle-home/wrapper/dists' started
2026-04-28T13:43:23.369+0200 [DEBUG] [org.gradle.internal.operations.DefaultBuildOperationRunner] Completing Build operation 'Deleting unused Gradle distributions in /home/cbastien/repos/local/frozenbubbleandroid-master/.gradle-home/wrapper/dists'
2026-04-28T13:43:23.370+0200 [DEBUG] [org.gradle.internal.operations.DefaultBuildOperationRunner] Build operation 'Deleting unused Gradle distributions in /home/cbastien/repos/local/frozenbubbleandroid-master/.gradle-home/wrapper/dists' completed
2026-04-28T13:43:23.370+0200 [DEBUG] [org.gradle.launcher.daemon.server.Daemon] stop() called on daemon
2026-04-28T13:43:23.371+0200 [INFO] [org.gradle.launcher.daemon.server.Daemon] Stop requested. Daemon is removing its presence from the registry...
2026-04-28T13:43:23.371+0200 [DEBUG] [org.gradle.launcher.daemon.server.DaemonRegistryUpdater] Removing our presence to clients, eg. removing this address from the registry: [4379899e-f484-4c9e-9cb5-52ac1c22e7b9 port:38353, addresses:[localhost/127.0.0.1]]
2026-04-28T13:43:23.371+0200 [DEBUG] [org.gradle.launcher.daemon.registry.PersistentDaemonRegistry] Removing daemon address: [4379899e-f484-4c9e-9cb5-52ac1c22e7b9 port:38353, addresses:[localhost/127.0.0.1]]
2026-04-28T13:43:23.372+0200 [DEBUG] [org.gradle.cache.internal.DefaultFileLockManager] Waiting to acquire exclusive lock on daemon addresses registry.
2026-04-28T13:43:23.373+0200 [DEBUG] [org.gradle.cache.internal.DefaultFileLockManager] Lock acquired on daemon addresses registry.
2026-04-28T13:43:23.375+0200 [DEBUG] [org.gradle.cache.internal.DefaultFileLockManager] Releasing lock on daemon addresses registry.
2026-04-28T13:43:23.376+0200 [DEBUG] [org.gradle.launcher.daemon.server.DaemonRegistryUpdater] Address removed from registry.
2026-04-28T13:43:23.377+0200 [DEBUG] [org.gradle.cache.internal.locklistener.DefaultFileLockContentionHandler] File lock listener thread completed.
Daemon vm is shutting down... The daemon has exited normally or was terminated in response to a user interrupt.
2026-04-28T13:43:23.380+0200 [DEBUG] [org.gradle.launcher.daemon.registry.PersistentDaemonRegistry] Removing daemon address: [4379899e-f484-4c9e-9cb5-52ac1c22e7b9 port:38353, addresses:[localhost/127.0.0.1]]
2026-04-28T13:43:23.380+0200 [DEBUG] [org.gradle.launcher.daemon.server.Daemon] VM shutdown hook was unable to remove the daemon address from the registry. It will be cleaned up later.
java.lang.IllegalStateException: Cannot start managing file contention because this handler has been closed.
	at org.gradle.cache.internal.locklistener.DefaultFileLockContentionHandler.assertNotStopped(DefaultFileLockContentionHandler.java:248)
	at org.gradle.cache.internal.locklistener.DefaultFileLockContentionHandler.reservePort(DefaultFileLockContentionHandler.java:286)
	at org.gradle.cache.internal.DefaultFileLockManager.lock(DefaultFileLockManager.java:124)
	at org.gradle.cache.internal.DefaultFileLockManager.lock(DefaultFileLockManager.java:106)
	at org.gradle.cache.internal.DefaultFileLockManager.lock(DefaultFileLockManager.java:101)
	at org.gradle.cache.internal.OnDemandFileAccess.updateFile(OnDemandFileAccess.java:51)
	at org.gradle.cache.internal.FileBackedObjectHolder.update(FileBackedObjectHolder.java:77)
	at org.gradle.cache.internal.FileIntegrityViolationSuppressingObjectHolderDecorator.lambda$update$0(FileIntegrityViolationSuppressingObjectHolderDecorator.java:48)
	at org.gradle.cache.internal.FileIntegrityViolationSuppressingObjectHolderDecorator.doUpdate(FileIntegrityViolationSuppressingObjectHolderDecorator.java:58)
	at org.gradle.cache.internal.FileIntegrityViolationSuppressingObjectHolderDecorator.update(FileIntegrityViolationSuppressingObjectHolderDecorator.java:48)
	at org.gradle.launcher.daemon.registry.PersistentDaemonRegistry.remove(PersistentDaemonRegistry.java:133)
	at org.gradle.launcher.daemon.server.Daemon$1.run(Daemon.java:133)
	at java.base/java.lang.Thread.run(Thread.java:840)
